[0.020s] Invoking command in '/workspace/build/acre_go2_description': CMAKE_PREFIX_PATH=${CMAKE_PREFIX_PATH}:/opt/ros/humble /usr/bin/cmake --build /workspace/build/acre_go2_description -- -j16 -l16
[0.091s] Invoked command in '/workspace/build/acre_go2_description' returned '0': CMAKE_PREFIX_PATH=${CMAKE_PREFIX_PATH}:/opt/ros/humble /usr/bin/cmake --build /workspace/build/acre_go2_description -- -j16 -l16
[0.110s] Invoking command in '/workspace/build/acre_go2_description': CMAKE_PREFIX_PATH=${CMAKE_PREFIX_PATH}:/opt/ros/humble /usr/bin/cmake --install /workspace/build/acre_go2_description
[0.122s] -- Install configuration: ""
[0.122s] -- Up-to-date: /workspace/install/acre_go2_description/share/acre_go2_description/urdf
[0.123s] -- Up-to-date: /workspace/install/acre_go2_description/share/acre_go2_description/urdf/realsense
[0.123s] -- Up-to-date: /workspace/install/acre_go2_description/share/acre_go2_description/urdf/realsense/d435i.xacro
[0.123s] -- Up-to-date: /workspace/install/acre_go2_description/share/acre_go2_description/urdf/livox
[0.123s] -- Up-to-date: /workspace/install/acre_go2_description/share/acre_go2_description/urdf/livox/mid360.xacro
[0.123s] -- Up-to-date: /workspace/install/acre_go2_description/share/acre_go2_description/urdf/go2
[0.123s] -- Up-to-date: /workspace/install/acre_go2_description/share/acre_go2_description/urdf/go2/go2.urdf.xacro
[0.123s] -- Up-to-date: /workspace/install/acre_go2_description/share/acre_go2_description/urdf/go2/go2_base.xacro
[0.123s] -- Up-to-date: /workspace/install/acre_go2_description/share/acre_go2_description/meshes
[0.124s] -- Up-to-date: /workspace/install/acre_go2_description/share/acre_go2_description/meshes/base.dae
[0.124s] -- Up-to-date: /workspace/install/acre_go2_description/share/acre_go2_description/meshes/calf.dae
[0.124s] -- Up-to-date: /workspace/install/acre_go2_description/share/acre_go2_description/meshes/calf_mirror.dae
[0.124s] -- Up-to-date: /workspace/install/acre_go2_description/share/acre_go2_description/meshes/d435.dae
[0.124s] -- Up-to-date: /workspace/install/acre_go2_description/share/acre_go2_description/meshes/foot.dae
[0.124s] -- Up-to-date: /workspace/install/acre_go2_description/share/acre_go2_description/meshes/hip.dae
[0.124s] -- Up-to-date: /workspace/install/acre_go2_description/share/acre_go2_description/meshes/thigh.dae
[0.124s] -- Up-to-date: /workspace/install/acre_go2_description/share/acre_go2_description/meshes/thigh_mirror.dae
[0.125s] -- Installing: /workspace/install/acre_go2_description/share/acre_go2_description/meshes/mid360.dae
[0.125s] -- Up-to-date: /workspace/install/acre_go2_description/share/acre_go2_description/launch
[0.125s] -- Up-to-date: /workspace/install/acre_go2_description/share/acre_go2_description/launch/display.launch.py
[0.125s] -- Up-to-date: /workspace/install/acre_go2_description/share/ament_index/resource_index/package_run_dependencies/acre_go2_description
[0.125s] -- Up-to-date: /workspace/install/acre_go2_description/share/ament_index/resource_index/parent_prefix_path/acre_go2_description
[0.125s] -- Up-to-date: /workspace/install/acre_go2_description/share/acre_go2_description/environment/ament_prefix_path.sh
[0.126s] -- Up-to-date: /workspace/install/acre_go2_description/share/acre_go2_description/environment/ament_prefix_path.dsv
[0.126s] -- Up-to-date: /workspace/install/acre_go2_description/share/acre_go2_description/environment/path.sh
[0.126s] -- Up-to-date: /workspace/install/acre_go2_description/share/acre_go2_description/environment/path.dsv
[0.126s] -- Up-to-date: /workspace/install/acre_go2_description/share/acre_go2_description/local_setup.bash
[0.126s] -- Up-to-date: /workspace/install/acre_go2_description/share/acre_go2_description/local_setup.sh
[0.126s] -- Up-to-date: /workspace/install/acre_go2_description/share/acre_go2_description/local_setup.zsh
[0.126s] -- Up-to-date: /workspace/install/acre_go2_description/share/acre_go2_description/local_setup.dsv
[0.127s] -- Installing: /workspace/install/acre_go2_description/share/acre_go2_description/package.dsv
[0.127s] -- Up-to-date: /workspace/install/acre_go2_description/share/ament_index/resource_index/packages/acre_go2_description
[0.127s] -- Up-to-date: /workspace/install/acre_go2_description/share/acre_go2_description/cmake/acre_go2_descriptionConfig.cmake
[0.127s] -- Up-to-date: /workspace/install/acre_go2_description/share/acre_go2_description/cmake/acre_go2_descriptionConfig-version.cmake
[0.127s] -- Up-to-date: /workspace/install/acre_go2_description/share/acre_go2_description/package.xml
[0.131s] Invoked command in '/workspace/build/acre_go2_description' returned '0': CMAKE_PREFIX_PATH=${CMAKE_PREFIX_PATH}:/opt/ros/humble /usr/bin/cmake --install /workspace/build/acre_go2_description
