[0.020s] Invoking command in '/workspace/build/acre_go2_description': CMAKE_PREFIX_PATH=${CMAKE_PREFIX_PATH}:/opt/ros/humble /usr/bin/cmake /workspace/acre_go2_description -DCMAKE_INSTALL_PREFIX=/workspace/install/acre_go2_description
[0.117s] -- The C compiler identification is GNU 11.4.0
[0.212s] -- The CXX compiler identification is GNU 11.4.0
[0.226s] -- Detecting C compiler ABI info
[0.359s] -- Detecting C compiler ABI info - done
[0.370s] -- Check for working C compiler: /usr/bin/cc - skipped
[0.370s] -- Detecting C compile features
[0.371s] -- Detecting C compile features - done
[0.376s] -- Detecting CXX compiler ABI info
[0.529s] -- Detecting CXX compiler ABI info - done
[0.540s] -- Check for working CXX compiler: /usr/bin/c++ - skipped
[0.541s] -- Detecting CXX compile features
[0.542s] -- Detecting CXX compile features - done
[0.547s] -- Found ament_cmake: 1.3.14 (/opt/ros/humble/share/ament_cmake/cmake)
[0.779s] -- Found Python3: /usr/bin/python3 (found version "3.10.12") found components: Interpreter 
[0.924s] -- Found ament_lint_auto: 0.12.15 (/opt/ros/humble/share/ament_lint_auto/cmake)
[1.052s] -- Added test 'flake8' to check Python code syntax and style conventions
[1.053s] -- Added test 'lint_cmake' to check CMake code style
[1.054s] -- Added test 'pep257' to check Python code against some of the docstring style conventions in PEP 257
[1.058s] -- Added test 'xmllint' to check XML markup files
[1.061s] -- Configuring done
[1.068s] -- Generating done
[1.072s] -- Build files have been written to: /workspace/build/acre_go2_description
[1.080s] Invoked command in '/workspace/build/acre_go2_description' returned '0': CMAKE_PREFIX_PATH=${CMAKE_PREFIX_PATH}:/opt/ros/humble /usr/bin/cmake /workspace/acre_go2_description -DCMAKE_INSTALL_PREFIX=/workspace/install/acre_go2_description
[1.083s] Invoking command in '/workspace/build/acre_go2_description': CMAKE_PREFIX_PATH=${CMAKE_PREFIX_PATH}:/opt/ros/humble /usr/bin/cmake --build /workspace/build/acre_go2_description -- -j16 -l16
[1.150s] Invoked command in '/workspace/build/acre_go2_description' returned '0': CMAKE_PREFIX_PATH=${CMAKE_PREFIX_PATH}:/opt/ros/humble /usr/bin/cmake --build /workspace/build/acre_go2_description -- -j16 -l16
[1.165s] Invoking command in '/workspace/build/acre_go2_description': CMAKE_PREFIX_PATH=${CMAKE_PREFIX_PATH}:/opt/ros/humble /usr/bin/cmake --install /workspace/build/acre_go2_description
[1.178s] -- Install configuration: ""
[1.179s] -- Installing: /workspace/install/acre_go2_description/share/acre_go2_description/urdf
[1.179s] -- Installing: /workspace/install/acre_go2_description/share/acre_go2_description/urdf/realsense
[1.179s] -- Installing: /workspace/install/acre_go2_description/share/acre_go2_description/urdf/realsense/d435i.xacro
[1.179s] -- Installing: /workspace/install/acre_go2_description/share/acre_go2_description/urdf/livox
[1.179s] -- Installing: /workspace/install/acre_go2_description/share/acre_go2_description/urdf/livox/mid360.xacro
[1.180s] -- Installing: /workspace/install/acre_go2_description/share/acre_go2_description/urdf/go2
[1.180s] -- Installing: /workspace/install/acre_go2_description/share/acre_go2_description/urdf/go2/go2.urdf.xacro
[1.180s] -- Installing: /workspace/install/acre_go2_description/share/acre_go2_description/urdf/go2/go2_base.xacro
[1.180s] -- Installing: /workspace/install/acre_go2_description/share/acre_go2_description/meshes
[1.180s] -- Installing: /workspace/install/acre_go2_description/share/acre_go2_description/meshes/base.dae
[1.181s] -- Installing: /workspace/install/acre_go2_description/share/acre_go2_description/meshes/calf.dae
[1.182s] -- Installing: /workspace/install/acre_go2_description/share/acre_go2_description/meshes/calf_mirror.dae
[1.182s] -- Installing: /workspace/install/acre_go2_description/share/acre_go2_description/meshes/d435.dae
[1.184s] -- Installing: /workspace/install/acre_go2_description/share/acre_go2_description/meshes/foot.dae
[1.184s] -- Installing: /workspace/install/acre_go2_description/share/acre_go2_description/meshes/hip.dae
[1.184s] -- Installing: /workspace/install/acre_go2_description/share/acre_go2_description/meshes/thigh.dae
[1.185s] -- Installing: /workspace/install/acre_go2_description/share/acre_go2_description/meshes/thigh_mirror.dae
[1.185s] -- Installing: /workspace/install/acre_go2_description/share/acre_go2_description/meshes/mid-360.dae
[1.186s] -- Installing: /workspace/install/acre_go2_description/share/acre_go2_description/launch
[1.186s] -- Installing: /workspace/install/acre_go2_description/share/acre_go2_description/launch/display.launch.py
[1.187s] -- Installing: /workspace/install/acre_go2_description/share/ament_index/resource_index/package_run_dependencies/acre_go2_description
[1.187s] -- Installing: /workspace/install/acre_go2_description/share/ament_index/resource_index/parent_prefix_path/acre_go2_description
[1.188s] -- Installing: /workspace/install/acre_go2_description/share/acre_go2_description/environment/ament_prefix_path.sh
[1.188s] -- Installing: /workspace/install/acre_go2_description/share/acre_go2_description/environment/ament_prefix_path.dsv
[1.188s] -- Installing: /workspace/install/acre_go2_description/share/acre_go2_description/environment/path.sh
[1.189s] -- Installing: /workspace/install/acre_go2_description/share/acre_go2_description/environment/path.dsv
[1.189s] -- Installing: /workspace/install/acre_go2_description/share/acre_go2_description/local_setup.bash
[1.189s] -- Installing: /workspace/install/acre_go2_description/share/acre_go2_description/local_setup.sh
[1.189s] -- Installing: /workspace/install/acre_go2_description/share/acre_go2_description/local_setup.zsh
[1.190s] -- Installing: /workspace/install/acre_go2_description/share/acre_go2_description/local_setup.dsv
[1.190s] -- Installing: /workspace/install/acre_go2_description/share/acre_go2_description/package.dsv
[1.190s] -- Installing: /workspace/install/acre_go2_description/share/ament_index/resource_index/packages/acre_go2_description
[1.190s] -- Installing: /workspace/install/acre_go2_description/share/acre_go2_description/cmake/acre_go2_descriptionConfig.cmake
[1.191s] -- Installing: /workspace/install/acre_go2_description/share/acre_go2_description/cmake/acre_go2_descriptionConfig-version.cmake
[1.191s] -- Installing: /workspace/install/acre_go2_description/share/acre_go2_description/package.xml
[1.194s] Invoked command in '/workspace/build/acre_go2_description' returned '0': CMAKE_PREFIX_PATH=${CMAKE_PREFIX_PATH}:/opt/ros/humble /usr/bin/cmake --install /workspace/build/acre_go2_description
