-- Install configuration: ""
-- Up-to-date: /workspace/install/acre_go2_description/share/acre_go2_description/urdf
-- Up-to-date: /workspace/install/acre_go2_description/share/acre_go2_description/urdf/realsense
-- Up-to-date: /workspace/install/acre_go2_description/share/acre_go2_description/urdf/realsense/d435i.xacro
-- Up-to-date: /workspace/install/acre_go2_description/share/acre_go2_description/urdf/livox
-- Up-to-date: /workspace/install/acre_go2_description/share/acre_go2_description/urdf/livox/mid360.xacro
-- Up-to-date: /workspace/install/acre_go2_description/share/acre_go2_description/urdf/go2
-- Up-to-date: /workspace/install/acre_go2_description/share/acre_go2_description/urdf/go2/go2.urdf.xacro
-- Up-to-date: /workspace/install/acre_go2_description/share/acre_go2_description/urdf/go2/go2_base.xacro
-- Up-to-date: /workspace/install/acre_go2_description/share/acre_go2_description/meshes
-- Up-to-date: /workspace/install/acre_go2_description/share/acre_go2_description/meshes/base.dae
-- Up-to-date: /workspace/install/acre_go2_description/share/acre_go2_description/meshes/calf.dae
-- Up-to-date: /workspace/install/acre_go2_description/share/acre_go2_description/meshes/calf_mirror.dae
-- Up-to-date: /workspace/install/acre_go2_description/share/acre_go2_description/meshes/d435.dae
-- Up-to-date: /workspace/install/acre_go2_description/share/acre_go2_description/meshes/foot.dae
-- Up-to-date: /workspace/install/acre_go2_description/share/acre_go2_description/meshes/hip.dae
-- Up-to-date: /workspace/install/acre_go2_description/share/acre_go2_description/meshes/thigh.dae
-- Up-to-date: /workspace/install/acre_go2_description/share/acre_go2_description/meshes/thigh_mirror.dae
-- Up-to-date: /workspace/install/acre_go2_description/share/acre_go2_description/meshes/mid-360.dae
-- Up-to-date: /workspace/install/acre_go2_description/share/acre_go2_description/launch
-- Up-to-date: /workspace/install/acre_go2_description/share/acre_go2_description/launch/display.launch.py
-- Up-to-date: /workspace/install/acre_go2_description/share/ament_index/resource_index/package_run_dependencies/acre_go2_description
-- Up-to-date: /workspace/install/acre_go2_description/share/ament_index/resource_index/parent_prefix_path/acre_go2_description
-- Up-to-date: /workspace/install/acre_go2_description/share/acre_go2_description/environment/ament_prefix_path.sh
-- Up-to-date: /workspace/install/acre_go2_description/share/acre_go2_description/environment/ament_prefix_path.dsv
-- Up-to-date: /workspace/install/acre_go2_description/share/acre_go2_description/environment/path.sh
-- Up-to-date: /workspace/install/acre_go2_description/share/acre_go2_description/environment/path.dsv
-- Up-to-date: /workspace/install/acre_go2_description/share/acre_go2_description/local_setup.bash
-- Up-to-date: /workspace/install/acre_go2_description/share/acre_go2_description/local_setup.sh
-- Up-to-date: /workspace/install/acre_go2_description/share/acre_go2_description/local_setup.zsh
-- Up-to-date: /workspace/install/acre_go2_description/share/acre_go2_description/local_setup.dsv
-- Up-to-date: /workspace/install/acre_go2_description/share/acre_go2_description/package.dsv
-- Up-to-date: /workspace/install/acre_go2_description/share/ament_index/resource_index/packages/acre_go2_description
-- Up-to-date: /workspace/install/acre_go2_description/share/acre_go2_description/cmake/acre_go2_descriptionConfig.cmake
-- Up-to-date: /workspace/install/acre_go2_description/share/acre_go2_description/cmake/acre_go2_descriptionConfig-version.cmake
-- Up-to-date: /workspace/install/acre_go2_description/share/acre_go2_description/package.xml
